<?xml version="1.0" encoding="UTF-8"?>
<testng-results skipped="0" failed="0" ignored="2" total="6" passed="4">
  <reporter-output>
  </reporter-output>
  <suite name="Suite" duration-ms="70393" started-at="2020-07-16T18:00:34Z" finished-at="2020-07-16T18:01:44Z">
    <groups>
    </groups>
    <test name="Test" duration-ms="70393" started-at="2020-07-16T18:00:34Z" finished-at="2020-07-16T18:01:44Z">
      <class name="com.website.testing.davina.AddToCart">
        <test-method status="PASS" signature="setUpMethod()[pri:0, instance:com.website.testing.davina.AddToCart@75881071]" name="setUpMethod" is-config="true" duration-ms="18385" started-at="2020-07-16T18:00:15Z" finished-at="2020-07-16T18:00:34Z">
          <reporter-output>
          </reporter-output>
        </test-method> <!-- setUpMethod -->
        <test-method status="PASS" signature="websiteLogin(java.lang.String, java.lang.String)[pri:3, instance:com.website.testing.davina.AddToCart@75881071]" name="websiteLogin" duration-ms="30702" started-at="2020-07-16T18:00:34Z" finished-at="2020-07-16T18:01:05Z">
          <params>
            <param index="0">
              <value>
                <![CDATA[dav@gmail.com]]>
              </value>
            </param>
            <param index="1">
              <value>
                <![CDATA[danika]]>
              </value>
            </param>
          </params>
          <reporter-output>
          </reporter-output>
        </test-method> <!-- websiteLogin -->
        <test-method status="PASS" signature="addToCart()[pri:4, instance:com.website.testing.davina.AddToCart@75881071]" name="addToCart" duration-ms="33997" started-at="2020-07-16T18:01:05Z" finished-at="2020-07-16T18:01:39Z">
          <reporter-output>
          </reporter-output>
        </test-method> <!-- addToCart -->
        <test-method status="PASS" signature="deleteFromCart()[pri:5, instance:com.website.testing.davina.AddToCart@75881071]" name="deleteFromCart" duration-ms="2505" started-at="2020-07-16T18:01:39Z" finished-at="2020-07-16T18:01:41Z">
          <reporter-output>
          </reporter-output>
        </test-method> <!-- deleteFromCart -->
        <test-method status="PASS" signature="logout()[pri:6, instance:com.website.testing.davina.AddToCart@75881071]" name="logout" duration-ms="3096" started-at="2020-07-16T18:01:41Z" finished-at="2020-07-16T18:01:44Z">
          <reporter-output>
          </reporter-output>
        </test-method> <!-- logout -->
        <test-method status="PASS" signature="tearDown()[pri:0, instance:com.website.testing.davina.AddToCart@75881071]" name="tearDown" is-config="true" duration-ms="2119" started-at="2020-07-16T18:01:44Z" finished-at="2020-07-16T18:01:47Z">
          <reporter-output>
          </reporter-output>
        </test-method> <!-- tearDown -->
      </class> <!-- com.website.testing.davina.AddToCart -->
    </test> <!-- Test -->
  </suite> <!-- Suite -->
</testng-results>
