<?xml version="1.0" encoding="UTF-8"?>
<!-- Generated by org.testng.reporters.JUnitXMLReporter -->
<testsuite hostname="VincentPinto" ignored="0" name="Test" tests="6" failures="0" timestamp="17 Jul 2020 09:40:48 GMT" time="129.561" errors="0">
  <testcase name="websiteRegisterTest" time="22.384" classname="com.website.testing.davina.WebsiteRegisterTest"/>
  <testcase name="createAccountTest" time="28.821" classname="com.website.testing.davina.WebsiteRegisterTest"/>
  <testcase name="websiteLogin" time="27.188" classname="com.website.testing.davina.WebsiteLoginTest"/>
  <testcase name="addToCart" time="43.361" classname="com.website.testing.davina.AddToCart"/>
  <testcase name="deleteFromCart" time="5.112" classname="com.website.testing.davina.AddToCart"/>
  <testcase name="logout" time="2.621" classname="com.website.testing.davina.WebsiteLoginTest"/>
</testsuite> <!-- Test -->
