<?xml version="1.0" encoding="UTF-8"?>
<!-- Generated by org.testng.reporters.JUnitXMLReporter -->
<testsuite hostname="VincentPinto" ignored="2" name="Test" tests="4" failures="0" timestamp="16 Jul 2020 18:01:44 GMT" time="70.393" errors="0">
  <testcase name="websiteLogin" time="30.702" classname="com.website.testing.davina.WebsiteLoginTest"/>
  <testcase name="addToCart" time="33.997" classname="com.website.testing.davina.AddToCart"/>
  <testcase name="deleteFromCart" time="2.505" classname="com.website.testing.davina.AddToCart"/>
  <testcase name="logout" time="3.096" classname="com.website.testing.davina.WebsiteLoginTest"/>
  <testcase name="createAccountTest" time="0.0" classname="com.website.testing.davina.WebsiteRegisterTest">
    <ignored/>
  </testcase> <!-- createAccountTest -->
  <testcase name="websiteRegisterTest" time="0.0" classname="com.website.testing.davina.WebsiteRegisterTest">
    <ignored/>
  </testcase> <!-- websiteRegisterTest -->
</testsuite> <!-- Test -->
